<?xml version="1.0" encoding="UTF-8"?>
<!-- Generated by org.testng.reporters.JUnitReportReporter -->
<testsuite hostname="Reshma" failures="0" tests="1" name="testScript.PaymentCheckOutTest" time="25.261" errors="0" timestamp="2025-04-03T19:44:42 IST" skipped="0">
  <testcase classname="testScript.PaymentCheckOutTest" name="verifyCheckoutWithUnHappyPath" time="25.261"/>
</testsuite> <!-- testScript.PaymentCheckOutTest -->
