<?xml version="1.0" encoding="UTF-8"?>
<!-- Generated by org.testng.reporters.JUnitReportReporter -->
<testsuite hostname="Reshma" failures="0" tests="1" name="testScript.PaymentCheckOutTest" time="14.618" errors="0" timestamp="2025-04-02T02:16:13 IST" skipped="0">
  <testcase classname="testScript.PaymentCheckOutTest" name="verifyCheckoutWithUnhappyPath" time="14.618"/>
</testsuite> <!-- testScript.PaymentCheckOutTest -->
